[2025-11-28 12:56:23] [INFO] Deployment started
[2025-11-28 12:56:23] [INFO] Mode: Local deployment (running on server)
[2025-11-28 12:56:23] [INFO] Target: /srv/shiny-server/EcoNeTool
[2025-11-28 12:56:23] [INFO] Log file: /home/razinka/OneDrive/HORIZON_EUROPE/MARBEFES/Traits/Networks/EcoNeTool/deployment_logs/deploy_20251128_125623.log
[2025-11-28 12:56:23] [INFO] Running in local deployment mode (on server)
[2025-11-28 12:56:23] [INFO] Checking write permissions to /srv/shiny-server...
[2025-11-28 12:56:23] [INFO] Have write permissions to deployment directory
[2025-11-28 12:56:23] [INFO] Checking required files...
[2025-11-28 12:56:23] [INFO] All required files present
[2025-11-28 12:56:23] [INFO] Pre-deployment checks completed
[2025-11-28 12:56:23] [INFO] Creating backup...
[2025-11-28 12:56:23] [INFO] Backing up existing application...
[2025-11-28 12:56:23] [INFO] Backup created: EcoNeTool_20251128_125623.tar.gz
[2025-11-28 12:56:23] [INFO] Cleaning old backups (keeping last 5)...
[2025-11-28 12:56:23] [INFO] Backup completed
[2025-11-28 12:56:23] [INFO] Creating application directory...
[2025-11-28 12:56:23] [INFO] Deployment preparation completed
[2025-11-28 12:56:23] [INFO] Deploying files locally...
[2025-11-28 12:56:23] [INFO] Command: rsync -avz --progress --delete --exclude='*.Rproj' --exclude='*.Rproj.user' --exclude='*.Rhistory' --exclude='.RData' --exclude='.git' --exclude='.gitignore' --exclude='*backup*' --exclude='*test*.R' --exclude='deploy_*' --exclude='install_*' --exclude='check_*' --exclude='deployment_logs'  ./ /srv/shiny-server/EcoNeTool/
[2025-11-28 12:56:23] [INFO] Files deployed successfully
[2025-11-28 12:56:23] [INFO] Installing required R packages...
[2025-11-28 12:56:24] [INFO] Package installation completed
[2025-11-28 12:56:24] [INFO] Restarting Shiny Server...
[2025-11-28 12:56:29] [INFO] Shiny Server restarted successfully (systemctl)
[2025-11-28 12:56:29] [INFO] Waiting for server to start...
[2025-11-28 12:56:34] [INFO] Verifying deployed files...
[2025-11-28 12:56:34] [WARN] File not found: app.R
[2025-11-28 12:56:34] [WARN] File not found: plotfw.R
[2025-11-28 12:56:34] [WARN] File not found: BalticFW.Rdata
[2025-11-28 12:56:34] [WARN] File not found: README.md
[2025-11-28 12:56:34] [WARN] File not found: BS4DASH_README.md
[2025-11-28 12:56:34] [WARN] File not found: QUICK_START_BS4DASH.md
[2025-11-28 12:56:34] [WARN] File not found: LAUNCH_GUIDE.md
[2025-11-28 12:56:34] [WARN] File not found: IMPROVEMENTS.md
[2025-11-28 12:56:34] [WARN] File not found: FIXES_APPLIED.md
[2025-11-28 12:56:34] [WARN] File not found: CHANGELOG_v2.1.md
[2025-11-28 12:56:34] [INFO] Checking if application is accessible...
[2025-11-28 12:56:34] [INFO] URL: http://laguna.ku.lt:3838/EcoNeTool/
[2025-11-28 12:56:34] [INFO] Application is accessible!
[2025-11-28 12:56:34] [INFO] Verification completed
[2025-11-28 12:56:34] [INFO] Deployment completed successfully!
[2025-11-28 12:56:34] [INFO] Deployment workflow completed
